<?xml version="1.0" encoding="UTF-8"?>
<testng-results skipped="0" failed="0" total="1" passed="1">
  <reporter-output>
    <line>
      <![CDATA[<br>--------------------------------------------------------------------------</br>]]>
    </line>
    <line>
      <![CDATA[<br>------------------- Initiating the Mobile App Session -------------------</br>]]>
    </line>
    <line>
      <![CDATA[<br>--------------------------------------------------------------------------</br>]]>
    </line>
    <line>
      <![CDATA[<br>Step 1: .Choose The Language </br>]]>
    </line>
    <line>
      <![CDATA[<br>Step 2: .Click on Continue </br>]]>
    </line>
    <line>
      <![CDATA[<br>Step 3: .Click on Join </br>]]>
    </line>
    <line>
      <![CDATA[<br>Step 4: .Click on Sign up </br>]]>
    </line>
  </reporter-output>
  <suite name="Red Bus Mobile Application" duration-ms="174054" started-at="2018-09-21T10:59:10Z" finished-at="2018-09-21T11:02:04Z">
    <groups>
    </groups>
    <test name="create note:: 01" duration-ms="174054" started-at="2018-09-21T10:59:10Z" finished-at="2018-09-21T11:02:04Z">
      <class name="android.workpulsetask.index.RedBusIndex">
        <test-method status="PASS" signature="setUp(java.lang.reflect.Method)[pri:0, instance:android.workpulsetask.index.RedBusIndex@7085bdee]" name="setUp" is-config="true" duration-ms="82783" started-at="2018-09-21T16:29:10Z" finished-at="2018-09-21T16:30:33Z">
          <params>
            <param index="0">
              <value>
                <![CDATA[public void android.workpulsetask.index.RedBusIndex.SignupwithRedBus() throws java.lang.Exception]]>
              </value>
            </param>
          </params>
          <reporter-output>
            <line>
              <![CDATA[<br>--------------------------------------------------------------------------</br>]]>
            </line>
            <line>
              <![CDATA[<br>------------------- Initiating the Mobile App Session -------------------</br>]]>
            </line>
            <line>
              <![CDATA[<br>--------------------------------------------------------------------------</br>]]>
            </line>
          </reporter-output>
        </test-method> <!-- setUp -->
        <test-method status="PASS" signature="SignupwithRedBus()[pri:0, instance:android.workpulsetask.index.RedBusIndex@7085bdee]" name="SignupwithRedBus" duration-ms="83255" started-at="2018-09-21T16:30:33Z" finished-at="2018-09-21T16:31:56Z">
          <reporter-output>
            <line>
              <![CDATA[<br>Step 1: .Choose The Language </br>]]>
            </line>
            <line>
              <![CDATA[<br>Step 2: .Click on Continue </br>]]>
            </line>
            <line>
              <![CDATA[<br>Step 3: .Click on Join </br>]]>
            </line>
            <line>
              <![CDATA[<br>Step 4: .Click on Sign up </br>]]>
            </line>
          </reporter-output>
        </test-method> <!-- SignupwithRedBus -->
        <test-method status="PASS" signature="tearDown(org.testng.ITestResult)[pri:0, instance:android.workpulsetask.index.RedBusIndex@7085bdee]" name="tearDown" is-config="true" duration-ms="8006" started-at="2018-09-21T16:31:56Z" finished-at="2018-09-21T16:32:04Z">
          <params>
            <param index="0">
              <value>
                <![CDATA[[TestResult name=SignupwithRedBus status=SUCCESS method=RedBusIndex.SignupwithRedBus()[pri:0, instance:android.workpulsetask.index.RedBusIndex@7085bdee] output=<br>Step 1: .Choose The Language </br>]]]>
              </value>
            </param>
          </params>
          <reporter-output>
          </reporter-output>
        </test-method> <!-- tearDown -->
      </class> <!-- android.workpulsetask.index.RedBusIndex -->
    </test> <!-- create note:: 01 -->
  </suite> <!-- Red Bus Mobile Application -->
</testng-results>
